<?xml version="1.0" encoding="UTF-8"?>
<!-- Generated by org.testng.reporters.JUnitReportReporter -->
<testsuite hostname="PTB" failures="0" tests="1" name="bms_TestScripts.TC_Plays_003_Test" time="44.294" errors="0" timestamp="2021-11-17T17:45:13 IST" skipped="0">
  <testcase classname="bms_TestScripts.TC_Plays_003_Test" name="bookusinggeneresfilter" time="44.294"/>
  <system-out/>
</testsuite> <!-- bms_TestScripts.TC_Plays_003_Test -->
