<?xml version="1.0" encoding="UTF-8"?>
<!-- Generated by org.testng.reporters.JUnitReportReporter -->
<testsuite hostname="PTB" failures="0" tests="1" name="bms_TestScripts.TC_Plays_001_Test" time="47.947" errors="0" timestamp="2021-11-17T17:42:18 IST" skipped="0">
  <testcase classname="bms_TestScripts.TC_Plays_001_Test" name="bookusinglanguagefilter" time="47.947"/>
  <system-out/>
</testsuite> <!-- bms_TestScripts.TC_Plays_001_Test -->
