<?xml version="1.0" encoding="UTF-8"?>
<!-- Generated by org.testng.reporters.JUnitReportReporter -->
<testsuite hostname="PTB" failures="0" tests="1" name="bms_TestScripts.TC_Plays_005_Test" time="43.623" errors="0" timestamp="2021-11-17T17:46:36 IST" skipped="0">
  <testcase classname="bms_TestScripts.TC_Plays_005_Test" name="bookusingpricefilter" time="43.623"/>
  <system-out/>
</testsuite> <!-- bms_TestScripts.TC_Plays_005_Test -->
